<?xml version="1.0" encoding="UTF-8"?>
<!-- Generated by org.testng.reporters.JUnitReportReporter -->
<testsuite hostname="DESKTOP-80A4HDU" failures="0" tests="1" name="com.herokuapp.PositiveTests" time="49.806" errors="0" timestamp="2024-01-17T16:27:12 IST" skipped="0">
  <testcase classname="com.herokuapp.PositiveTests" name="login" time="49.806"/>
</testsuite> <!-- com.herokuapp.PositiveTests -->
