<?xml version="1.0" encoding="UTF-8"?>
<!-- Generated by org.testng.reporters.JUnitReportReporter -->
<testsuite hostname="DESKTOP-80A4HDU" failures="0" tests="1" name="com.herokuapp.PractiseTest" time="29.166" errors="0" timestamp="2024-01-17T16:27:12 IST" skipped="0">
  <testcase classname="com.herokuapp.PractiseTest" name="practice" time="29.166"/>
</testsuite> <!-- com.herokuapp.PractiseTest -->
